TN:
SF:src/modules/order/services/order.service.ts
FN:13,(anonymous_13)
FN:14,OrderService
FN:22,(anonymous_15)
FN:42,(anonymous_18)
FN:45,(anonymous_19)
FN:77,(anonymous_20)
FN:82,(anonymous_21)
FN:86,(anonymous_22)
FN:96,(anonymous_23)
FN:109,(anonymous_26)
FNF:10
FNH:10
FNDA:1,(anonymous_13)
FNDA:3,OrderService
FNDA:1,(anonymous_15)
FNDA:2,(anonymous_18)
FNDA:2,(anonymous_19)
FNDA:2,(anonymous_20)
FNDA:2,(anonymous_21)
FNDA:3,(anonymous_22)
FNDA:1,(anonymous_23)
FNDA:5,(anonymous_26)
DA:13,1
DA:15,3
DA:16,3
DA:17,3
DA:18,3
DA:19,3
DA:22,1
DA:28,1
DA:29,1
DA:30,1
DA:31,1
DA:32,0
DA:33,0
DA:36,1
DA:37,1
DA:38,2
DA:40,1
DA:42,1
DA:43,2
DA:45,1
DA:46,2
DA:47,0
DA:48,0
DA:50,2
DA:51,0
DA:52,0
DA:54,2
DA:55,0
DA:56,0
DA:60,1
DA:65,1
DA:66,2
DA:67,2
DA:71,1
DA:74,1
DA:77,2
DA:82,1
DA:86,3
DA:87,2
DA:88,2
DA:96,1
DA:100,1
DA:101,1
DA:106,1
DA:109,1
DA:113,5
DA:114,0
DA:116,5
DA:117,5
DA:118,5
DA:119,4
DA:121,1
DA:123,1
LF:53
LH:44
BRDA:31,0,0,0
BRDA:31,0,1,1
BRDA:46,1,0,0
BRDA:46,1,1,2
BRDA:50,2,0,0
BRDA:50,2,1,2
BRDA:54,3,0,0
BRDA:54,3,1,2
BRDA:75,4,0,0
BRDA:75,4,1,1
BRDA:113,5,0,0
BRDA:113,5,1,5
BRDA:118,6,0,4
BRDA:118,6,1,1
BRF:14
BRH:8
end_of_record
